<?xml version="1.0" encoding="UTF-8"?>
<!-- Generated by org.testng.reporters.JUnitReportReporter -->
<testsuite hostname="knawate-t440" name="com.test.LoginApplication" tests="1" failures="0" timestamp="9 May 2019 02:36:52 GMT" time="23.861" errors="0">
  <testcase name="loginPage" time="23.861" classname="com.test.LoginApplication"/>
</testsuite> <!-- com.test.LoginApplication -->
