<?xml version="1.0" encoding="UTF-8"?>
<!-- Generated by org.testng.reporters.JUnitReportReporter -->
<testsuite skipped="0" hostname="knawate-t440" name="com.loginpage.TestLoginPage" tests="1" failures="0" timestamp="09 May 2019 05:25:30 GMT" time="19.367" errors="0">
  <testcase name="loginPage" time="19.367" classname="com.loginpage.TestLoginPage"/>
</testsuite> <!-- com.loginpage.TestLoginPage -->
